# JRE version: Java(TM) SE Runtime Environment (10.0.1+10) (build 10.0.1+10)
# Java VM: Java HotSpot(TM) 64-Bit Server VM (10.0.1+10, mixed mode, tiered, compressed oops, g1 gc, windows-amd64)
Heap:
 garbage-first heap   total 396288K, used 308054K [0x00000006c0800000, 0x00000007c0000000)
  region size 1024K, 170 young (174080K), 5 survivors (5120K)
 Metaspace       used 64675K, capacity 65938K, committed 66768K, reserved 1110016K
  class space    used 6082K, capacity 6579K, committed 6864K, reserved 1048576K
GC Heap History (10 events):
Event: 4258.942 GC heap before
{Heap before GC invocations=1264 (full 0):
 garbage-first heap   total 396288K, used 158362K [0x00000006c0800000, 0x00000007c0000000)
  region size 1024K, 19 young (19456K), 1 survivors (1024K)
 Metaspace       used 64648K, capacity 65938K, committed 66768K, reserved 1110016K
  class space    used 6081K, capacity 6579K, committed 6864K, reserved 1048576K
}
Event: 4258.943 GC heap after
{Heap after GC invocations=1265 (full 0):
 garbage-first heap   total 396288K, used 137864K [0x00000006c0800000, 0x00000007c0000000)
  region size 1024K, 1 young (1024K), 1 survivors (1024K)
 Metaspace       used 64648K, capacity 65938K, committed 66768K, reserved 1110016K
  class space    used 6081K, capacity 6579K, committed 6864K, reserved 1048576K
}
Event: 4266.141 GC heap before
{Heap before GC invocations=1265 (full 0):
 garbage-first heap   total 396288K, used 335496K [0x00000006c0800000, 0x00000007c0000000)
  region size 1024K, 194 young (198656K), 1 survivors (1024K)
 Metaspace       used 64662K, capacity 65938K, committed 66768K, reserved 1110016K
  class space    used 6082K, capacity 6579K, committed 6864K, reserved 1048576K
}
Event: 4266.148 GC heap after
{Heap after GC invocations=1266 (full 0):
 garbage-first heap   total 396288K, used 163654K [0x00000006c0800000, 0x00000007c0000000)
  region size 1024K, 25 young (25600K), 25 survivors (25600K)
 Metaspace       used 64662K, capacity 65938K, committed 66768K, reserved 1110016K
  class space    used 6082K, capacity 6579K, committed 6864K, reserved 1048576K
}
Event: 4277.158 GC heap before
{Heap before GC invocations=1267 (full 0):
 garbage-first heap   total 396288K, used 315206K [0x00000006c0800000, 0x00000007c0000000)
  region size 1024K, 180 young (184320K), 25 survivors (25600K)
 Metaspace       used 64668K, capacity 65938K, committed 66768K, reserved 1110016K
  class space    used 6082K, capacity 6579K, committed 6864K, reserved 1048576K
}
Event: 4277.163 GC heap after
{Heap after GC invocations=1268 (full 0):
 garbage-first heap   total 396288K, used 154586K [0x00000006c0800000, 0x00000007c0000000)
  region size 1024K, 23 young (23552K), 23 survivors (23552K)
 Metaspace       used 64668K, capacity 65938K, committed 66768K, reserved 1110016K
  class space    used 6082K, capacity 6579K, committed 6864K, reserved 1048576K
}
Event: 4277.169 GC heap before
{Heap before GC invocations=1268 (full 0):
 garbage-first heap   total 396288K, used 155610K [0x00000006c0800000, 0x00000007c0000000)
  region size 1024K, 24 young (24576K), 23 survivors (23552K)
 Metaspace       used 64668K, capacity 65938K, committed 66768K, reserved 1110016K
  class space    used 6082K, capacity 6579K, committed 6864K, reserved 1048576K
}
Event: 4277.174 GC heap after
{Heap after GC invocations=1269 (full 0):
 garbage-first heap   total 396288K, used 138787K [0x00000006c0800000, 0x00000007c0000000)
  region size 1024K, 3 young (3072K), 3 survivors (3072K)
 Metaspace       used 64668K, capacity 65938K, committed 66768K, reserved 1110016K
  class space    used 6082K, capacity 6579K, committed 6864K, reserved 1048576K
}
Event: 4291.717 GC heap before
{Heap before GC invocations=1269 (full 0):
 garbage-first heap   total 396288K, used 309795K [0x00000006c0800000, 0x00000007c0000000)
  region size 1024K, 170 young (174080K), 3 survivors (3072K)
 Metaspace       used 64671K, capacity 65938K, committed 66768K, reserved 1110016K
  class space    used 6082K, capacity 6579K, committed 6864K, reserved 1048576K
}
Event: 4291.720 GC heap after
{Heap after GC invocations=1270 (full 0):
 garbage-first heap   total 396288K, used 140118K [0x00000006c0800000, 0x00000007c0000000)
  region size 1024K, 5 young (5120K), 5 survivors (5120K)
 Metaspace       used 64671K, capacity 65938K, committed 66768K, reserved 1110016K
  class space    used 6082K, capacity 6579K, committed 6864K, reserved 1048576K
}

